<?xml version="1.0" encoding="UTF-8"?>
<!-- Generated by org.testng.reporters.JUnitXMLReporter -->
<testsuite ignored="0" hostname="Anirbans-MacBook-Air.local" failures="0" tests="2" name="Default test" time="6.782" errors="0" timestamp="2022-07-26T04:13:32 IST">
  <testcase classname="io.cucumber.testng.AbstractTestNGCucumberTests" name="runScenario" time="3.21"/>
  <testcase classname="io.cucumber.testng.AbstractTestNGCucumberTests" name="runScenario" time="4.583"/>
</testsuite> <!-- Default test -->
